C:\USERS\OREN ISH SHALOM\DOCUMENTS\JOB\MTA\2012-2013\2013_FEBRUARY_01\COMPILATION\FLEX\DEBUG\CCL.OBJ
C:\Users\Oren Ish Shalom\Documents\Job\MTA\2012-2013\2013_February_01\Compilation\Flex\Debug\cl.command.1.tlog
C:\Users\Oren Ish Shalom\Documents\Job\MTA\2012-2013\2013_February_01\Compilation\Flex\Debug\CL.read.1.tlog
C:\Users\Oren Ish Shalom\Documents\Job\MTA\2012-2013\2013_February_01\Compilation\Flex\Debug\CL.write.1.tlog
C:\USERS\OREN ISH SHALOM\DOCUMENTS\JOB\MTA\2012-2013\2013_FEBRUARY_01\COMPILATION\FLEX\DEBUG\DFA.OBJ
C:\USERS\OREN ISH SHALOM\DOCUMENTS\JOB\MTA\2012-2013\2013_FEBRUARY_01\COMPILATION\FLEX\DEBUG\ECS.OBJ
C:\USERS\OREN ISH SHALOM\DOCUMENTS\JOB\MTA\2012-2013\2013_FEBRUARY_01\COMPILATION\FLEX\DEBUG\FLEX.EXE
C:\USERS\OREN ISH SHALOM\DOCUMENTS\JOB\MTA\2012-2013\2013_FEBRUARY_01\COMPILATION\FLEX\DEBUG\FLEX.EXE.EMBED.MANIFEST
C:\USERS\OREN ISH SHALOM\DOCUMENTS\JOB\MTA\2012-2013\2013_FEBRUARY_01\COMPILATION\FLEX\DEBUG\FLEX.EXE.EMBED.MANIFEST.RES
C:\USERS\OREN ISH SHALOM\DOCUMENTS\JOB\MTA\2012-2013\2013_FEBRUARY_01\COMPILATION\FLEX\DEBUG\FLEX.EXE.INTERMEDIATE.MANIFEST
C:\USERS\OREN ISH SHALOM\DOCUMENTS\JOB\MTA\2012-2013\2013_FEBRUARY_01\COMPILATION\FLEX\DEBUG\FLEX.ILK
C:\USERS\OREN ISH SHALOM\DOCUMENTS\JOB\MTA\2012-2013\2013_FEBRUARY_01\COMPILATION\FLEX\DEBUG\FLEX.PDB
C:\Users\Oren Ish Shalom\Documents\Job\MTA\2012-2013\2013_February_01\Compilation\Flex\Debug\Flex_manifest.rc
C:\USERS\OREN ISH SHALOM\DOCUMENTS\JOB\MTA\2012-2013\2013_FEBRUARY_01\COMPILATION\FLEX\DEBUG\GEN.OBJ
C:\USERS\OREN ISH SHALOM\DOCUMENTS\JOB\MTA\2012-2013\2013_FEBRUARY_01\COMPILATION\FLEX\DEBUG\INITSCAN.OBJ
C:\Users\Oren Ish Shalom\Documents\Job\MTA\2012-2013\2013_February_01\Compilation\Flex\Debug\link.25716.read.1.tlog
C:\Users\Oren Ish Shalom\Documents\Job\MTA\2012-2013\2013_February_01\Compilation\Flex\Debug\link.25716.write.1.tlog
C:\Users\Oren Ish Shalom\Documents\Job\MTA\2012-2013\2013_February_01\Compilation\Flex\Debug\link.25716-cvtres.read.1.tlog
C:\Users\Oren Ish Shalom\Documents\Job\MTA\2012-2013\2013_February_01\Compilation\Flex\Debug\link.25716-cvtres.write.1.tlog
C:\Users\Oren Ish Shalom\Documents\Job\MTA\2012-2013\2013_February_01\Compilation\Flex\Debug\link.command.1.tlog
C:\Users\Oren Ish Shalom\Documents\Job\MTA\2012-2013\2013_February_01\Compilation\Flex\Debug\link.read.1.tlog
C:\Users\Oren Ish Shalom\Documents\Job\MTA\2012-2013\2013_February_01\Compilation\Flex\Debug\link.write.1.tlog
C:\Users\Oren Ish Shalom\Documents\Job\MTA\2012-2013\2013_February_01\Compilation\Flex\Debug\link-cvtres.read.1.tlog
C:\Users\Oren Ish Shalom\Documents\Job\MTA\2012-2013\2013_February_01\Compilation\Flex\Debug\link-cvtres.write.1.tlog
C:\USERS\OREN ISH SHALOM\DOCUMENTS\JOB\MTA\2012-2013\2013_FEBRUARY_01\COMPILATION\FLEX\DEBUG\MAIN.OBJ
C:\USERS\OREN ISH SHALOM\DOCUMENTS\JOB\MTA\2012-2013\2013_FEBRUARY_01\COMPILATION\FLEX\DEBUG\MISC.OBJ
C:\Users\Oren Ish Shalom\Documents\Job\MTA\2012-2013\2013_February_01\Compilation\Flex\Debug\mt.command.1.tlog
C:\Users\Oren Ish Shalom\Documents\Job\MTA\2012-2013\2013_February_01\Compilation\Flex\Debug\mt.read.1.tlog
C:\Users\Oren Ish Shalom\Documents\Job\MTA\2012-2013\2013_February_01\Compilation\Flex\Debug\mt.write.1.tlog
C:\USERS\OREN ISH SHALOM\DOCUMENTS\JOB\MTA\2012-2013\2013_FEBRUARY_01\COMPILATION\FLEX\DEBUG\NFA.OBJ
C:\USERS\OREN ISH SHALOM\DOCUMENTS\JOB\MTA\2012-2013\2013_FEBRUARY_01\COMPILATION\FLEX\DEBUG\PARSE.OBJ
C:\Users\Oren Ish Shalom\Documents\Job\MTA\2012-2013\2013_February_01\Compilation\Flex\Debug\rc.command.1.tlog
C:\Users\Oren Ish Shalom\Documents\Job\MTA\2012-2013\2013_February_01\Compilation\Flex\Debug\rc.read.1.tlog
C:\Users\Oren Ish Shalom\Documents\Job\MTA\2012-2013\2013_February_01\Compilation\Flex\Debug\rc.write.1.tlog
C:\USERS\OREN ISH SHALOM\DOCUMENTS\JOB\MTA\2012-2013\2013_FEBRUARY_01\COMPILATION\FLEX\DEBUG\SKEL.OBJ
C:\USERS\OREN ISH SHALOM\DOCUMENTS\JOB\MTA\2012-2013\2013_FEBRUARY_01\COMPILATION\FLEX\DEBUG\SYM.OBJ
C:\USERS\OREN ISH SHALOM\DOCUMENTS\JOB\MTA\2012-2013\2013_FEBRUARY_01\COMPILATION\FLEX\DEBUG\TBLCMP.OBJ
C:\Users\Oren Ish Shalom\Documents\Job\MTA\2012-2013\2013_February_01\Compilation\Flex\Debug\vc100.idb
C:\USERS\OREN ISH SHALOM\DOCUMENTS\JOB\MTA\2012-2013\2013_FEBRUARY_01\COMPILATION\FLEX\DEBUG\VC100.PDB
C:\USERS\OREN ISH SHALOM\DOCUMENTS\JOB\MTA\2012-2013\2013_FEBRUARY_01\COMPILATION\FLEX\DEBUG\YYLEX.OBJ
